This is pdfTeX, Version 3.141592653-2.6-1.40.26 (MiKTeX 24.4) (preloaded format=pdflatex 2024.9.2)  23 APR 2025 03:09
entering extended mode
 restricted \write18 enabled.
 %&-line parsing enabled.
**./CA_Project.tex
(CA_Project.tex
LaTeX2e <2024-06-01> patch level 2
L3 programming layer <2024-08-16>

(C:\Users\Raghavi Preeti\AppData\Local\Programs\MiKTeX\tex/latex/base\article.c
ls
Document Class: article 2024/02/08 v1.4n Standard LaTeX document class

(C:\Users\Raghavi Preeti\AppData\Local\Programs\MiKTeX\tex/latex/base\size11.cl
o
File: size11.clo 2024/02/08 v1.4n Standard LaTeX file (size option)
)
\c@part=\count194
\c@section=\count195
\c@subsection=\count196
\c@subsubsection=\count197
\c@paragraph=\count198
\c@subparagraph=\count199
\c@figure=\count266
\c@table=\count267
\abovecaptionskip=\skip49
\belowcaptionskip=\skip50
\bibindent=\dimen141
)
(C:\Users\Raghavi Preeti\AppData\Local\Programs\MiKTeX\tex/latex/geometry\geome
try.sty
Package: geometry 2020/01/02 v5.9 Page Geometry

(C:\Users\Raghavi Preeti\AppData\Local\Programs\MiKTeX\tex/latex/graphics\keyva
l.sty
Package: keyval 2022/05/29 v1.15 key=value parser (DPC)
\KV@toks@=\toks17
)
(C:\Users\Raghavi Preeti\AppData\Local\Programs\MiKTeX\tex/generic/iftex\ifvtex
.sty
Package: ifvtex 2019/10/25 v1.7 ifvtex legacy package. Use iftex instead.

(C:\Users\Raghavi Preeti\AppData\Local\Programs\MiKTeX\tex/generic/iftex\iftex.
sty
Package: iftex 2022/02/03 v1.0f TeX engine tests
))
\Gm@cnth=\count268
\Gm@cntv=\count269
\c@Gm@tempcnt=\count270
\Gm@bindingoffset=\dimen142
\Gm@wd@mp=\dimen143
\Gm@odd@mp=\dimen144
\Gm@even@mp=\dimen145
\Gm@layoutwidth=\dimen146
\Gm@layoutheight=\dimen147
\Gm@layouthoffset=\dimen148
\Gm@layoutvoffset=\dimen149
\Gm@dimlist=\toks18

(C:\Users\Raghavi Preeti\AppData\Local\Programs\MiKTeX\tex/latex/geometry\geome
try.cfg))
(C:\Users\Raghavi Preeti\AppData\Local\Programs\MiKTeX\tex/latex/graphics\graph
icx.sty
Package: graphicx 2021/09/16 v1.2d Enhanced LaTeX Graphics (DPC,SPQR)

(C:\Users\Raghavi Preeti\AppData\Local\Programs\MiKTeX\tex/latex/graphics\graph
ics.sty
Package: graphics 2024/05/23 v1.4g Standard LaTeX Graphics (DPC,SPQR)

(C:\Users\Raghavi Preeti\AppData\Local\Programs\MiKTeX\tex/latex/graphics\trig.
sty
Package: trig 2023/12/02 v1.11 sin cos tan (DPC)
)
(C:\Users\Raghavi Preeti\AppData\Local\Programs\MiKTeX\tex/latex/graphics-cfg\g
raphics.cfg
File: graphics.cfg 2016/06/04 v1.11 sample graphics configuration
)
Package graphics Info: Driver file: pdftex.def on input line 106.

(C:\Users\Raghavi Preeti\AppData\Local\Programs\MiKTeX\tex/latex/graphics-def\p
dftex.def
File: pdftex.def 2024/04/13 v1.2c Graphics/color driver for pdftex
))
\Gin@req@height=\dimen150
\Gin@req@width=\dimen151
)
(C:\Users\Raghavi Preeti\AppData\Local\Programs\MiKTeX\tex/latex/eso-pic\eso-pi
c.sty
Package: eso-pic 2023/05/03 v3.0c eso-pic (RN)
\ESO@tempdima=\dimen152
\ESO@tempdimb=\dimen153

(C:\Users\Raghavi Preeti\AppData\Local\Programs\MiKTeX\tex/latex/xcolor\xcolor.
sty
Package: xcolor 2023/11/15 v3.01 LaTeX color extensions (UK)

(C:\Users\Raghavi Preeti\AppData\Local\Programs\MiKTeX\tex/latex/graphics-cfg\c
olor.cfg
File: color.cfg 2016/01/02 v1.6 sample color configuration
)
Package xcolor Info: Driver file: pdftex.def on input line 274.

(C:\Users\Raghavi Preeti\AppData\Local\Programs\MiKTeX\tex/latex/graphics\mathc
olor.ltx)
Package xcolor Info: Model `cmy' substituted by `cmy0' on input line 1350.
Package xcolor Info: Model `hsb' substituted by `rgb' on input line 1354.
Package xcolor Info: Model `RGB' extended on input line 1366.
Package xcolor Info: Model `HTML' substituted by `rgb' on input line 1368.
Package xcolor Info: Model `Hsb' substituted by `hsb' on input line 1369.
Package xcolor Info: Model `tHsb' substituted by `hsb' on input line 1370.
Package xcolor Info: Model `HSB' substituted by `hsb' on input line 1371.
Package xcolor Info: Model `Gray' substituted by `gray' on input line 1372.
Package xcolor Info: Model `wave' substituted by `hsb' on input line 1373.
))
(C:\Users\Raghavi Preeti\AppData\Local\Programs\MiKTeX\tex/latex/setspace\setsp
ace.sty
Package: setspace 2022/12/04 v6.7b set line spacing
)
(C:\Users\Raghavi Preeti\AppData\Local\Programs\MiKTeX\tex/latex/hyperref\hyper
ref.sty
Package: hyperref 2024-07-10 v7.01j Hypertext links for LaTeX

(C:\Users\Raghavi Preeti\AppData\Local\Programs\MiKTeX\tex/latex/kvsetkeys\kvse
tkeys.sty
Package: kvsetkeys 2022-10-05 v1.19 Key value parser (HO)
)
(C:\Users\Raghavi Preeti\AppData\Local\Programs\MiKTeX\tex/generic/kvdefinekeys
\kvdefinekeys.sty
Package: kvdefinekeys 2019-12-19 v1.6 Define keys (HO)
)
(C:\Users\Raghavi Preeti\AppData\Local\Programs\MiKTeX\tex/generic/pdfescape\pd
fescape.sty
Package: pdfescape 2019/12/09 v1.15 Implements pdfTeX's escape features (HO)

(C:\Users\Raghavi Preeti\AppData\Local\Programs\MiKTeX\tex/generic/ltxcmds\ltxc
mds.sty
Package: ltxcmds 2023-12-04 v1.26 LaTeX kernel commands for general use (HO)
)
(C:\Users\Raghavi Preeti\AppData\Local\Programs\MiKTeX\tex/generic/pdftexcmds\p
dftexcmds.sty
Package: pdftexcmds 2020-06-27 v0.33 Utility functions of pdfTeX for LuaTeX (HO
)

(C:\Users\Raghavi Preeti\AppData\Local\Programs\MiKTeX\tex/generic/infwarerr\in
fwarerr.sty
Package: infwarerr 2019/12/03 v1.5 Providing info/warning/error messages (HO)
)
Package pdftexcmds Info: \pdf@primitive is available.
Package pdftexcmds Info: \pdf@ifprimitive is available.
Package pdftexcmds Info: \pdfdraftmode found.
))
(C:\Users\Raghavi Preeti\AppData\Local\Programs\MiKTeX\tex/latex/hycolor\hycolo
r.sty
Package: hycolor 2020-01-27 v1.10 Color options for hyperref/bookmark (HO)
)
(C:\Users\Raghavi Preeti\AppData\Local\Programs\MiKTeX\tex/latex/hyperref\namer
ef.sty
Package: nameref 2023-11-26 v2.56 Cross-referencing by name of section

(C:\Users\Raghavi Preeti\AppData\Local\Programs\MiKTeX\tex/latex/refcount\refco
unt.sty
Package: refcount 2019/12/15 v3.6 Data extraction from label references (HO)
)
(C:\Users\Raghavi Preeti\AppData\Local\Programs\MiKTeX\tex/generic/gettitlestri
ng\gettitlestring.sty
Package: gettitlestring 2019/12/15 v1.6 Cleanup title references (HO)

(C:\Users\Raghavi Preeti\AppData\Local\Programs\MiKTeX\tex/latex/kvoptions\kvop
tions.sty
Package: kvoptions 2022-06-15 v3.15 Key value format for package options (HO)
))
\c@section@level=\count271
)
(C:\Users\Raghavi Preeti\AppData\Local\Programs\MiKTeX\tex/latex/etoolbox\etool
box.sty
Package: etoolbox 2020/10/05 v2.5k e-TeX tools for LaTeX (JAW)
\etb@tempcnta=\count272
)
(C:\Users\Raghavi Preeti\AppData\Local\Programs\MiKTeX\tex/generic/stringenc\st
ringenc.sty
Package: stringenc 2019/11/29 v1.12 Convert strings between diff. encodings (HO
)
)
\@linkdim=\dimen154
\Hy@linkcounter=\count273
\Hy@pagecounter=\count274

(C:\Users\Raghavi Preeti\AppData\Local\Programs\MiKTeX\tex/latex/hyperref\pd1en
c.def
File: pd1enc.def 2024-07-10 v7.01j Hyperref: PDFDocEncoding definition (HO)
Now handling font encoding PD1 ...
... no UTF-8 mapping file for font encoding PD1
)
(C:\Users\Raghavi Preeti\AppData\Local\Programs\MiKTeX\tex/generic/intcalc\intc
alc.sty
Package: intcalc 2019/12/15 v1.3 Expandable calculations with integers (HO)
)
\Hy@SavedSpaceFactor=\count275

(C:\Users\Raghavi Preeti\AppData\Local\Programs\MiKTeX\tex/latex/hyperref\puenc
.def
File: puenc.def 2024-07-10 v7.01j Hyperref: PDF Unicode definition (HO)
Now handling font encoding PU ...
... no UTF-8 mapping file for font encoding PU
)
Package hyperref Info: Hyper figures OFF on input line 4157.
Package hyperref Info: Link nesting OFF on input line 4162.
Package hyperref Info: Hyper index ON on input line 4165.
Package hyperref Info: Plain pages OFF on input line 4172.
Package hyperref Info: Backreferencing OFF on input line 4177.
Package hyperref Info: Implicit mode ON; LaTeX internals redefined.
Package hyperref Info: Bookmarks ON on input line 4424.
\c@Hy@tempcnt=\count276

(C:\Users\Raghavi Preeti\AppData\Local\Programs\MiKTeX\tex/latex/url\url.sty
\Urlmuskip=\muskip17
Package: url 2013/09/16  ver 3.4  Verb mode for urls, etc.
)
LaTeX Info: Redefining \url on input line 4763.
\XeTeXLinkMargin=\dimen155

(C:\Users\Raghavi Preeti\AppData\Local\Programs\MiKTeX\tex/generic/bitset\bitse
t.sty
Package: bitset 2019/12/09 v1.3 Handle bit-vector datatype (HO)

(C:\Users\Raghavi Preeti\AppData\Local\Programs\MiKTeX\tex/generic/bigintcalc\b
igintcalc.sty
Package: bigintcalc 2019/12/15 v1.5 Expandable calculations on big integers (HO
)
))
\Fld@menulength=\count277
\Field@Width=\dimen156
\Fld@charsize=\dimen157
Package hyperref Info: Hyper figures OFF on input line 6042.
Package hyperref Info: Link nesting OFF on input line 6047.
Package hyperref Info: Hyper index ON on input line 6050.
Package hyperref Info: backreferencing OFF on input line 6057.
Package hyperref Info: Link coloring OFF on input line 6062.
Package hyperref Info: Link coloring with OCG OFF on input line 6067.
Package hyperref Info: PDF/A mode OFF on input line 6072.

(C:\Users\Raghavi Preeti\AppData\Local\Programs\MiKTeX\tex/latex/base\atbegshi-
ltx.sty
Package: atbegshi-ltx 2021/01/10 v1.0c Emulation of the original atbegshi
package with kernel methods
)
\Hy@abspage=\count278
\c@Item=\count279
\c@Hfootnote=\count280
)
Package hyperref Info: Driver (autodetected): hpdftex.

(C:\Users\Raghavi Preeti\AppData\Local\Programs\MiKTeX\tex/latex/hyperref\hpdft
ex.def
File: hpdftex.def 2024-07-10 v7.01j Hyperref driver for pdfTeX

(C:\Users\Raghavi Preeti\AppData\Local\Programs\MiKTeX\tex/latex/base\atveryend
-ltx.sty
Package: atveryend-ltx 2020/08/19 v1.0a Emulation of the original atveryend pac
kage
with kernel methods
)
\Fld@listcount=\count281
\c@bookmark@seq@number=\count282

(C:\Users\Raghavi Preeti\AppData\Local\Programs\MiKTeX\tex/latex/rerunfilecheck
\rerunfilecheck.sty
Package: rerunfilecheck 2022-07-10 v1.10 Rerun checks for auxiliary files (HO)

(C:\Users\Raghavi Preeti\AppData\Local\Programs\MiKTeX\tex/generic/uniquecounte
r\uniquecounter.sty
Package: uniquecounter 2019/12/15 v1.4 Provide unlimited unique counter (HO)
)
Package uniquecounter Info: New unique counter `rerunfilecheck' on input line 2
85.
)
\Hy@SectionHShift=\skip51
)
(C:\Users\Raghavi Preeti\AppData\Local\Programs\MiKTeX\tex/latex/transparent\tr
ansparent.sty
Package: transparent 2022-10-27 v1.5 Transparency with color stacks

(C:\Users\Raghavi Preeti\AppData\Local\Programs\MiKTeX\tex/latex/transparent\tr
ansparent-nometadata.sty
Package: transparent-nometadata 2022-10-27 v1.5 Transparency via pdfTeX's color
 stack (HO)

(C:\Users\Raghavi Preeti\AppData\Local\Programs\MiKTeX\tex/latex/auxhook\auxhoo
k.sty
Package: auxhook 2019-12-17 v1.6 Hooks for auxiliary files (HO)
)))
(C:\Users\Raghavi Preeti\AppData\Local\Programs\MiKTeX\tex/latex/psnfss\mathptm
x.sty
Package: mathptmx 2020/03/25 PSNFSS-v9.3 Times w/ Math, improved (SPQR, WaS) 
LaTeX Font Info:    Redeclaring symbol font `operators' on input line 28.
LaTeX Font Info:    Overwriting symbol font `operators' in version `normal'
(Font)                  OT1/cmr/m/n --> OT1/ztmcm/m/n on input line 28.
LaTeX Font Info:    Overwriting symbol font `operators' in version `bold'
(Font)                  OT1/cmr/bx/n --> OT1/ztmcm/m/n on input line 28.
LaTeX Font Info:    Redeclaring symbol font `letters' on input line 29.
LaTeX Font Info:    Overwriting symbol font `letters' in version `normal'
(Font)                  OML/cmm/m/it --> OML/ztmcm/m/it on input line 29.
LaTeX Font Info:    Overwriting symbol font `letters' in version `bold'
(Font)                  OML/cmm/b/it --> OML/ztmcm/m/it on input line 29.
LaTeX Font Info:    Redeclaring symbol font `symbols' on input line 30.
LaTeX Font Info:    Overwriting symbol font `symbols' in version `normal'
(Font)                  OMS/cmsy/m/n --> OMS/ztmcm/m/n on input line 30.
LaTeX Font Info:    Overwriting symbol font `symbols' in version `bold'
(Font)                  OMS/cmsy/b/n --> OMS/ztmcm/m/n on input line 30.
LaTeX Font Info:    Redeclaring symbol font `largesymbols' on input line 31.
LaTeX Font Info:    Overwriting symbol font `largesymbols' in version `normal'
(Font)                  OMX/cmex/m/n --> OMX/ztmcm/m/n on input line 31.
LaTeX Font Info:    Overwriting symbol font `largesymbols' in version `bold'
(Font)                  OMX/cmex/m/n --> OMX/ztmcm/m/n on input line 31.
\symbold=\mathgroup4
\symitalic=\mathgroup5
LaTeX Font Info:    Redeclaring math alphabet \mathbf on input line 34.
LaTeX Font Info:    Overwriting math alphabet `\mathbf' in version `normal'
(Font)                  OT1/cmr/bx/n --> OT1/ptm/bx/n on input line 34.
LaTeX Font Info:    Overwriting math alphabet `\mathbf' in version `bold'
(Font)                  OT1/cmr/bx/n --> OT1/ptm/bx/n on input line 34.
LaTeX Font Info:    Redeclaring math alphabet \mathit on input line 35.
LaTeX Font Info:    Overwriting math alphabet `\mathit' in version `normal'
(Font)                  OT1/cmr/m/it --> OT1/ptm/m/it on input line 35.
LaTeX Font Info:    Overwriting math alphabet `\mathit' in version `bold'
(Font)                  OT1/cmr/bx/it --> OT1/ptm/m/it on input line 35.
LaTeX Info: Redefining \hbar on input line 50.
)
(C:\Users\Raghavi Preeti\AppData\Local\Programs\MiKTeX\tex/latex/xurl\xurl.sty
Package: xurl 2022/01/09 v 0.10 modify URL breaks
)
(C:\Users\Raghavi Preeti\AppData\Local\Programs\MiKTeX\tex/latex/placeins\place
ins.sty
Package: placeins 2005/04/18  v 2.2
)
(C:\Users\Raghavi Preeti\AppData\Local\Programs\MiKTeX\tex/latex/float\float.st
y
Package: float 2001/11/08 v1.3d Float enhancements (AL)
\c@float@type=\count283
\float@exts=\toks19
\float@box=\box52
\@float@everytoks=\toks20
\@floatcapt=\box53
)
(C:\Users\Raghavi Preeti\AppData\Local\Programs\MiKTeX\tex/latex/titling\titlin
g.sty
Package: titling 2009/09/04 v2.1d maketitle typesetting
\thanksmarkwidth=\skip52
\thanksmargin=\skip53
\droptitle=\skip54
)
Package hyperref Info: Option `colorlinks' set `true' on input line 25.
LaTeX Font Info:    Trying to load font information for OT1+ptm on input line 2
7.

(C:\Users\Raghavi Preeti\AppData\Local\Programs\MiKTeX\tex/latex/psnfss\ot1ptm.
fd
File: ot1ptm.fd 2001/06/04 font definitions for OT1/ptm.
)
(C:\Users\Raghavi Preeti\AppData\Local\Programs\MiKTeX\tex/latex/l3backend\l3ba
ckend-pdftex.def
File: l3backend-pdftex.def 2024-05-08 L3 backend support: PDF output (pdfTeX)
\l__color_backend_stack_int=\count284
\l__pdf_internal_box=\box54
) (CA_Project.aux)
\openout1 = `CA_Project.aux'.

LaTeX Font Info:    Checking defaults for OML/cmm/m/it on input line 27.
LaTeX Font Info:    ... okay on input line 27.
LaTeX Font Info:    Checking defaults for OMS/cmsy/m/n on input line 27.
LaTeX Font Info:    ... okay on input line 27.
LaTeX Font Info:    Checking defaults for OT1/cmr/m/n on input line 27.
LaTeX Font Info:    ... okay on input line 27.
LaTeX Font Info:    Checking defaults for T1/cmr/m/n on input line 27.
LaTeX Font Info:    ... okay on input line 27.
LaTeX Font Info:    Checking defaults for TS1/cmr/m/n on input line 27.
LaTeX Font Info:    ... okay on input line 27.
LaTeX Font Info:    Checking defaults for OMX/cmex/m/n on input line 27.
LaTeX Font Info:    ... okay on input line 27.
LaTeX Font Info:    Checking defaults for U/cmr/m/n on input line 27.
LaTeX Font Info:    ... okay on input line 27.
LaTeX Font Info:    Checking defaults for PD1/pdf/m/n on input line 27.
LaTeX Font Info:    ... okay on input line 27.
LaTeX Font Info:    Checking defaults for PU/pdf/m/n on input line 27.
LaTeX Font Info:    ... okay on input line 27.

*geometry* driver: auto-detecting
*geometry* detected driver: pdftex
*geometry* verbose mode - [ preamble ] result:
* driver: pdftex
* paper: <default>
* layout: <same size as paper>
* layoutoffset:(h,v)=(0.0pt,0.0pt)
* modes: 
* h-part:(L,W,R)=(56.9055pt, 500.484pt, 56.9055pt)
* v-part:(T,H,B)=(56.9055pt, 681.15898pt, 56.9055pt)
* \paperwidth=614.295pt
* \paperheight=794.96999pt
* \textwidth=500.484pt
* \textheight=681.15898pt
* \oddsidemargin=-15.36449pt
* \evensidemargin=-15.36449pt
* \topmargin=-52.36449pt
* \headheight=12.0pt
* \headsep=25.0pt
* \topskip=11.0pt
* \footskip=30.0pt
* \marginparwidth=59.0pt
* \marginparsep=10.0pt
* \columnsep=10.0pt
* \skip\footins=10.0pt plus 4.0pt minus 2.0pt
* \hoffset=0.0pt
* \voffset=0.0pt
* \mag=1000
* \@twocolumnfalse
* \@twosidefalse
* \@mparswitchfalse
* \@reversemarginfalse
* (1in=72.27pt=25.4mm, 1cm=28.453pt)


(C:\Users\Raghavi Preeti\AppData\Local\Programs\MiKTeX\tex/context/base/mkii\su
pp-pdf.mkii
[Loading MPS to PDF converter (version 2006.09.02).]
\scratchcounter=\count285
\scratchdimen=\dimen158
\scratchbox=\box55
\nofMPsegments=\count286
\nofMParguments=\count287
\everyMPshowfont=\toks21
\MPscratchCnt=\count288
\MPscratchDim=\dimen159
\MPnumerator=\count289
\makeMPintoPDFobject=\count290
\everyMPtoPDFconversion=\toks22
)
(C:\Users\Raghavi Preeti\AppData\Local\Programs\MiKTeX\tex/latex/epstopdf-pkg\e
pstopdf-base.sty
Package: epstopdf-base 2020-01-24 v2.11 Base part for package epstopdf
Package epstopdf-base Info: Redefining graphics rule for `.eps' on input line 4
85.

(C:\Users\Raghavi Preeti\AppData\Local\Programs\MiKTeX\tex/latex/00miktex\epsto
pdf-sys.cfg
File: epstopdf-sys.cfg 2021/03/18 v2.0 Configuration of epstopdf for MiKTeX
))
Package hyperref Info: Link coloring ON on input line 27.
 (CA_Project.out) (CA_Project.out)
\@outlinefile=\write3
\openout3 = `CA_Project.out'.

\big@size=\dimen160


[1

{C:/Users/Raghavi Preeti/AppData/Local/MiKTeX/fonts/map/pdftex/pdftex.map}{C:/U
sers/Raghavi Preeti/AppData/Local/Programs/MiKTeX/fonts/enc/dvips/base/8r.enc}]



pdfTeX warning (ext4): destination with the same identifier (name{page.}) has b
een already used, duplicate ignored
<to be read again> 
                   \relax 
l.67 	\newpage
               [1] (CA_Project.toc
LaTeX Font Info:    Trying to load font information for OT1+ztmcm on input line
 4.

(C:\Users\Raghavi Preeti\AppData\Local\Programs\MiKTeX\tex/latex/psnfss\ot1ztmc
m.fd
File: ot1ztmcm.fd 2000/01/03 Fontinst v1.801 font definitions for OT1/ztmcm.
)
LaTeX Font Info:    Trying to load font information for OML+ztmcm on input line
 4.

(C:\Users\Raghavi Preeti\AppData\Local\Programs\MiKTeX\tex/latex/psnfss\omlztmc
m.fd
File: omlztmcm.fd 2000/01/03 Fontinst v1.801 font definitions for OML/ztmcm.
)
LaTeX Font Info:    Trying to load font information for OMS+ztmcm on input line
 4.

(C:\Users\Raghavi Preeti\AppData\Local\Programs\MiKTeX\tex/latex/psnfss\omsztmc
m.fd
File: omsztmcm.fd 2000/01/03 Fontinst v1.801 font definitions for OMS/ztmcm.
)
LaTeX Font Info:    Trying to load font information for OMX+ztmcm on input line
 4.

(C:\Users\Raghavi Preeti\AppData\Local\Programs\MiKTeX\tex/latex/psnfss\omxztmc
m.fd
File: omxztmcm.fd 2000/01/03 Fontinst v1.801 font definitions for OMX/ztmcm.
)
LaTeX Font Info:    Font shape `OT1/ptm/bx/n' in size <10.95> not available
(Font)              Font shape `OT1/ptm/b/n' tried instead on input line 4.
LaTeX Font Info:    Font shape `OT1/ptm/bx/n' in size <8> not available
(Font)              Font shape `OT1/ptm/b/n' tried instead on input line 4.
LaTeX Font Info:    Font shape `OT1/ptm/bx/n' in size <6> not available
(Font)              Font shape `OT1/ptm/b/n' tried instead on input line 4.
)
\tf@toc=\write4
\openout4 = `CA_Project.toc'.




pdfTeX warning (ext4): destination with the same identifier (name{page.}) has b
een already used, duplicate ignored
<to be read again> 
                   \relax 
l.71 	\newpage
               [2]

[1]

[2]
Underfull \hbox (badness 3260) in paragraph at lines 113--114
[]\OT1/ptm/m/n/10.95 Two min-utes later, \OT1/ptm/b/n/10.95 BDRVLS \OT1/ptm/m/n
/10.95 logs into \OT1/ptm/b/n/10.95 Billing Soft-ware \OT1/ptm/m/n/10.95 from I
OC IP
 []


Underfull \hbox (badness 3199) in paragraph at lines 121--122
[]\OT1/ptm/m/n/10.95 User \OT1/ptm/b/n/10.95 DDDXUB \OT1/ptm/m/n/10.95 logs int
o \OT1/ptm/b/n/10.95 IT Ad-min Por-tal \OT1/ptm/m/n/10.95 suc-cess-fully from I
OC IP
 []



[3]

[4]
LaTeX Font Info:    Trying to load font information for TS1+ptm on input line 1
60.

(C:\Users\Raghavi Preeti\AppData\Local\Programs\MiKTeX\tex/latex/psnfss\ts1ptm.
fd
File: ts1ptm.fd 2001/06/04 font definitions for TS1/ptm.
)

[5]

[6]
<SS_01.png, id=118, 663.98062pt x 137.01187pt>
File: SS_01.png Graphic file (type png)
<use SS_01.png>
Package pdftex.def Info: SS_01.png  used on input line 197.
(pdftex.def)             Requested size: 400.38872pt x 82.6196pt.
<SS_02.png, id=120, 666.23906pt x 274.77657pt>
File: SS_02.png Graphic file (type png)
<use SS_02.png>
Package pdftex.def Info: SS_02.png  used on input line 204.
(pdftex.def)             Requested size: 400.38872pt x 165.13553pt.
<SS_03.png, id=121, 664.73344pt x 241.65282pt>
File: SS_03.png Graphic file (type png)
<use SS_03.png>
Package pdftex.def Info: SS_03.png  used on input line 211.
(pdftex.def)             Requested size: 400.38872pt x 145.55696pt.
<SS_04.png, id=122, 662.475pt x 304.13625pt>
File: SS_04.png Graphic file (type png)
<use SS_04.png>
Package pdftex.def Info: SS_04.png  used on input line 218.
(pdftex.def)             Requested size: 400.38872pt x 183.81503pt.


LaTeX Warning: `h' float specifier changed to `ht'.

<SS_05.png, id=123, 661.72218pt x 185.94469pt>
File: SS_05.png Graphic file (type png)
<use SS_05.png>
Package pdftex.def Info: SS_05.png  used on input line 225.
(pdftex.def)             Requested size: 400.38872pt x 112.50963pt.

LaTeX Warning: `h' float specifier changed to `ht'.

<SS_06.png, id=124, 666.99188pt x 339.51843pt>
File: SS_06.png Graphic file (type png)
<use SS_06.png>
Package pdftex.def Info: SS_06.png  used on input line 232.
(pdftex.def)             Requested size: 400.38872pt x 203.81105pt.

LaTeX Warning: `h' float specifier changed to `ht'.

<SS_07.png, id=125, 586.44093pt x 143.78719pt>
File: SS_07.png Graphic file (type png)
<use SS_07.png>
Package pdftex.def Info: SS_07.png  used on input line 239.
(pdftex.def)             Requested size: 400.38872pt x 98.16891pt.

LaTeX Warning: `h' float specifier changed to `ht'.

<SS_08.png, id=126, 685.05937pt x 253.69781pt>
File: SS_08.png Graphic file (type png)
<use SS_08.png>
Package pdftex.def Info: SS_08.png  used on input line 246.
(pdftex.def)             Requested size: 400.38872pt x 148.27907pt.

LaTeX Warning: `h' float specifier changed to `ht'.

<SS_09.png, id=127, 697.10437pt x 98.61844pt>
File: SS_09.png Graphic file (type png)
<use SS_09.png>
Package pdftex.def Info: SS_09.png  used on input line 253.
(pdftex.def)             Requested size: 400.38872pt x 56.64194pt.

LaTeX Warning: `h' float specifier changed to `ht'.

<SS_10.png, id=128, 718.18312pt x 222.8325pt>
File: SS_10.png Graphic file (type png)
<use SS_10.png>
Package pdftex.def Info: SS_10.png  used on input line 260.
(pdftex.def)             Requested size: 400.38872pt x 124.23112pt.

LaTeX Warning: `h' float specifier changed to `ht'.

<SS_11.png, id=129, 715.92468pt x 183.68625pt>
File: SS_11.png Graphic file (type png)
<use SS_11.png>
Package pdftex.def Info: SS_11.png  used on input line 267.
(pdftex.def)             Requested size: 400.38872pt x 102.72905pt.

LaTeX Warning: `h' float specifier changed to `ht'.

<SS_12.png, id=130, 752.8125pt x 101.62968pt>
File: SS_12.png Graphic file (type png)
<use SS_12.png>
Package pdftex.def Info: SS_12.png  used on input line 274.
(pdftex.def)             Requested size: 400.38872pt x 54.0542pt.

LaTeX Warning: `h' float specifier changed to `ht'.

<SS_13.png, id=131, 741.52031pt x 253.69781pt>
File: SS_13.png Graphic file (type png)
<use SS_13.png>
Package pdftex.def Info: SS_13.png  used on input line 281.
(pdftex.def)             Requested size: 400.38872pt x 136.98703pt.

LaTeX Warning: `h' float specifier changed to `ht'.

<SS_14.png, id=132, 745.28438pt x 146.79843pt>
File: SS_14.png Graphic file (type png)
<use SS_14.png>
Package pdftex.def Info: SS_14.png  used on input line 288.
(pdftex.def)             Requested size: 400.38872pt x 78.86453pt.

LaTeX Warning: `h' float specifier changed to `ht'.

<SS_15.png, id=133, 749.80125pt x 108.405pt>
File: SS_15.png Graphic file (type png)
<use SS_15.png>
Package pdftex.def Info: SS_15.png  used on input line 295.
(pdftex.def)             Requested size: 400.38872pt x 57.88774pt.

LaTeX Warning: `h' float specifier changed to `ht'.

<SS_16.png, id=134, 767.86874pt x 375.65344pt>
File: SS_16.png Graphic file (type png)
<use SS_16.png>
Package pdftex.def Info: SS_16.png  used on input line 302.
(pdftex.def)             Requested size: 400.38872pt x 195.87971pt.

LaTeX Warning: `h' float specifier changed to `ht'.

<SS_17.png, id=135, 616.55344pt x 156.585pt>
File: SS_17.png Graphic file (type png)
<use SS_17.png>
Package pdftex.def Info: SS_17.png  used on input line 309.
(pdftex.def)             Requested size: 400.38872pt x 101.68825pt.

LaTeX Warning: `h' float specifier changed to `ht'.

<SS_18.png, id=136, 662.475pt x 289.83281pt>
File: SS_18.png Graphic file (type png)
<use SS_18.png>
Package pdftex.def Info: SS_18.png  used on input line 316.
(pdftex.def)             Requested size: 400.38872pt x 175.17027pt.

LaTeX Warning: `h' float specifier changed to `ht'.

<SS_19.png, id=137, 719.68875pt x 94.10156pt>
File: SS_19.png Graphic file (type png)
<use SS_19.png>
Package pdftex.def Info: SS_19.png  used on input line 323.
(pdftex.def)             Requested size: 400.38872pt x 52.35333pt.

LaTeX Warning: `h' float specifier changed to `ht'.

<SS_20.png, id=138, 717.43031pt x 344.03531pt>
File: SS_20.png Graphic file (type png)
<use SS_20.png>
Package pdftex.def Info: SS_20.png  used on input line 330.
(pdftex.def)             Requested size: 400.38872pt x 192.0075pt.

LaTeX Warning: `h' float specifier changed to `ht'.

<SS_21.png, id=139, 757.32938pt x 101.62968pt>
File: SS_21.png Graphic file (type png)
<use SS_21.png>
Package pdftex.def Info: SS_21.png  used on input line 337.
(pdftex.def)             Requested size: 400.38872pt x 53.7301pt.

LaTeX Warning: `h' float specifier changed to `ht'.

<SS_22.png, id=140, 736.25063pt x 254.45062pt>
File: SS_22.png Graphic file (type png)
<use SS_22.png>
Package pdftex.def Info: SS_22.png  used on input line 344.
(pdftex.def)             Requested size: 400.38872pt x 138.3797pt.

LaTeX Warning: `h' float specifier changed to `ht'.

<SS_23.png, id=141, 740.0147pt x 191.21437pt>
File: SS_23.png Graphic file (type png)
<use SS_23.png>
Package pdftex.def Info: SS_23.png  used on input line 351.
(pdftex.def)             Requested size: 400.38872pt x 103.45845pt.

LaTeX Warning: `h' float specifier changed to `ht'.

<SS_24.png, id=142, 563.10374pt x 127.22531pt>
File: SS_24.png Graphic file (type png)
<use SS_24.png>
Package pdftex.def Info: SS_24.png  used on input line 358.
(pdftex.def)             Requested size: 400.38872pt x 90.4626pt.

LaTeX Warning: `h' float specifier changed to `ht'.

<SS_25.png, id=143, 697.8572pt x 124.21407pt>
File: SS_25.png Graphic file (type png)
<use SS_25.png>
Package pdftex.def Info: SS_25.png  used on input line 365.
(pdftex.def)             Requested size: 400.38872pt x 71.2671pt.

LaTeX Warning: `h' float specifier changed to `ht'.

<SS_26.png, id=144, 719.68875pt x 93.34875pt>
File: SS_26.png Graphic file (type png)
<use SS_26.png>
Package pdftex.def Info: SS_26.png  used on input line 372.
(pdftex.def)             Requested size: 400.38872pt x 51.93451pt.

LaTeX Warning: `h' float specifier changed to `ht'.

<SS_27.png, id=145, 723.45282pt x 140.77594pt>
File: SS_27.png Graphic file (type png)
<use SS_27.png>
Package pdftex.def Info: SS_27.png  used on input line 379.
(pdftex.def)             Requested size: 400.38872pt x 77.91245pt.

LaTeX Warning: `h' float specifier changed to `ht'.

<SS_28.png, id=146, 746.03719pt x 101.62968pt>
File: SS_28.png Graphic file (type png)
<use SS_28.png>
Package pdftex.def Info: SS_28.png  used on input line 386.
(pdftex.def)             Requested size: 400.38872pt x 54.5427pt.

LaTeX Warning: `h' float specifier changed to `ht'.

<SS_29.png, id=147, 734.745pt x 178.41656pt>
File: SS_29.png Graphic file (type png)
<use SS_29.png>
Package pdftex.def Info: SS_29.png  used on input line 393.
(pdftex.def)             Requested size: 400.38872pt x 97.22827pt.

LaTeX Warning: `h' float specifier changed to `ht'.



[7
pdfTeX warning (ext4): destination with the same identifier (name{figure.1}) ha
s been already used, duplicate ignored
<argument> ...shipout:D \box_use:N \l_shipout_box 
                                                  \__shipout_drop_firstpage_...
l.398 \FloatBarrier
                   
pdfTeX warning (ext4): destination with the same identifier (name{figure.2}) ha
s been already used, duplicate ignored
<argument> ...shipout:D \box_use:N \l_shipout_box 
                                                  \__shipout_drop_firstpage_...
l.398 \FloatBarrier
                   
pdfTeX warning (ext4): destination with the same identifier (name{figure.3}) ha
s been already used, duplicate ignored
<argument> ...shipout:D \box_use:N \l_shipout_box 
                                                  \__shipout_drop_firstpage_...
l.398 \FloatBarrier
                    <./SS_01.png> <./SS_02.png> <./SS_03.png>]

[8
pdfTeX warning (ext4): destination with the same identifier (name{figure.4}) ha
s been already used, duplicate ignored
<argument> ...shipout:D \box_use:N \l_shipout_box 
                                                  \__shipout_drop_firstpage_...
l.398 \FloatBarrier
                   
pdfTeX warning (ext4): destination with the same identifier (name{figure.5}) ha
s been already used, duplicate ignored
<argument> ...shipout:D \box_use:N \l_shipout_box 
                                                  \__shipout_drop_firstpage_...
l.398 \FloatBarrier
                   
pdfTeX warning (ext4): destination with the same identifier (name{figure.6}) ha
s been already used, duplicate ignored
<argument> ...shipout:D \box_use:N \l_shipout_box 
                                                  \__shipout_drop_firstpage_...
l.398 \FloatBarrier
                    <./SS_04.png> <./SS_05.png> <./SS_06.png>]

[9
pdfTeX warning (ext4): destination with the same identifier (name{figure.7}) ha
s been already used, duplicate ignored
<argument> ...shipout:D \box_use:N \l_shipout_box 
                                                  \__shipout_drop_firstpage_...
l.398 \FloatBarrier
                   
pdfTeX warning (ext4): destination with the same identifier (name{figure.8}) ha
s been already used, duplicate ignored
<argument> ...shipout:D \box_use:N \l_shipout_box 
                                                  \__shipout_drop_firstpage_...
l.398 \FloatBarrier
                   
pdfTeX warning (ext4): destination with the same identifier (name{figure.9}) ha
s been already used, duplicate ignored
<argument> ...shipout:D \box_use:N \l_shipout_box 
                                                  \__shipout_drop_firstpage_...
l.398 \FloatBarrier
                   
pdfTeX warning (ext4): destination with the same identifier (name{figure.10}) h
as been already used, duplicate ignored
<argument> ...shipout:D \box_use:N \l_shipout_box 
                                                  \__shipout_drop_firstpage_...
l.398 \FloatBarrier
                    <./SS_07.png> <./SS_08.png> <./SS_09.png> <./SS_10.png>]

[10
pdfTeX warning (ext4): destination with the same identifier (name{figure.11}) h
as been already used, duplicate ignored
<argument> ...shipout:D \box_use:N \l_shipout_box 
                                                  \__shipout_drop_firstpage_...
l.398 \FloatBarrier
                   
pdfTeX warning (ext4): destination with the same identifier (name{figure.12}) h
as been already used, duplicate ignored
<argument> ...shipout:D \box_use:N \l_shipout_box 
                                                  \__shipout_drop_firstpage_...
l.398 \FloatBarrier
                   
pdfTeX warning (ext4): destination with the same identifier (name{figure.13}) h
as been already used, duplicate ignored
<argument> ...shipout:D \box_use:N \l_shipout_box 
                                                  \__shipout_drop_firstpage_...
l.398 \FloatBarrier
                   
pdfTeX warning (ext4): destination with the same identifier (name{figure.14}) h
as been already used, duplicate ignored
<argument> ...shipout:D \box_use:N \l_shipout_box 
                                                  \__shipout_drop_firstpage_...
l.398 \FloatBarrier
                   
pdfTeX warning (ext4): destination with the same identifier (name{figure.15}) h
as been already used, duplicate ignored
<argument> ...shipout:D \box_use:N \l_shipout_box 
                                                  \__shipout_drop_firstpage_...
l.398 \FloatBarrier
                    <./SS_11.png> <./SS_12.png> <./SS_13.png> <./SS_14.png> <./
SS_15.png>]

[11
pdfTeX warning (ext4): destination with the same identifier (name{figure.16}) h
as been already used, duplicate ignored
<argument> ...shipout:D \box_use:N \l_shipout_box 
                                                  \__shipout_drop_firstpage_...
l.398 \FloatBarrier
                   
pdfTeX warning (ext4): destination with the same identifier (name{figure.17}) h
as been already used, duplicate ignored
<argument> ...shipout:D \box_use:N \l_shipout_box 
                                                  \__shipout_drop_firstpage_...
l.398 \FloatBarrier
                   
pdfTeX warning (ext4): destination with the same identifier (name{figure.18}) h
as been already used, duplicate ignored
<argument> ...shipout:D \box_use:N \l_shipout_box 
                                                  \__shipout_drop_firstpage_...
l.398 \FloatBarrier
                   
pdfTeX warning (ext4): destination with the same identifier (name{figure.19}) h
as been already used, duplicate ignored
<argument> ...shipout:D \box_use:N \l_shipout_box 
                                                  \__shipout_drop_firstpage_...
l.398 \FloatBarrier
                    <./SS_16.png> <./SS_17.png> <./SS_18.png> <./SS_19.png>]

[12
pdfTeX warning (ext4): destination with the same identifier (name{figure.20}) h
as been already used, duplicate ignored
<argument> ...shipout:D \box_use:N \l_shipout_box 
                                                  \__shipout_drop_firstpage_...
l.398 \FloatBarrier
                   
pdfTeX warning (ext4): destination with the same identifier (name{figure.21}) h
as been already used, duplicate ignored
<argument> ...shipout:D \box_use:N \l_shipout_box 
                                                  \__shipout_drop_firstpage_...
l.398 \FloatBarrier
                   
pdfTeX warning (ext4): destination with the same identifier (name{figure.22}) h
as been already used, duplicate ignored
<argument> ...shipout:D \box_use:N \l_shipout_box 
                                                  \__shipout_drop_firstpage_...
l.398 \FloatBarrier
                   
pdfTeX warning (ext4): destination with the same identifier (name{figure.23}) h
as been already used, duplicate ignored
<argument> ...shipout:D \box_use:N \l_shipout_box 
                                                  \__shipout_drop_firstpage_...
l.398 \FloatBarrier
                    <./SS_20.png> <./SS_21.png> <./SS_22.png> <./SS_23.png>]

[13
pdfTeX warning (ext4): destination with the same identifier (name{figure.24}) h
as been already used, duplicate ignored
<argument> ...shipout:D \box_use:N \l_shipout_box 
                                                  \__shipout_drop_firstpage_...
l.398 \FloatBarrier
                   
pdfTeX warning (ext4): destination with the same identifier (name{figure.25}) h
as been already used, duplicate ignored
<argument> ...shipout:D \box_use:N \l_shipout_box 
                                                  \__shipout_drop_firstpage_...
l.398 \FloatBarrier
                   
pdfTeX warning (ext4): destination with the same identifier (name{figure.26}) h
as been already used, duplicate ignored
<argument> ...shipout:D \box_use:N \l_shipout_box 
                                                  \__shipout_drop_firstpage_...
l.398 \FloatBarrier
                   
pdfTeX warning (ext4): destination with the same identifier (name{figure.27}) h
as been already used, duplicate ignored
<argument> ...shipout:D \box_use:N \l_shipout_box 
                                                  \__shipout_drop_firstpage_...
l.398 \FloatBarrier
                   
pdfTeX warning (ext4): destination with the same identifier (name{figure.28}) h
as been already used, duplicate ignored
<argument> ...shipout:D \box_use:N \l_shipout_box 
                                                  \__shipout_drop_firstpage_...
l.398 \FloatBarrier
                   
pdfTeX warning (ext4): destination with the same identifier (name{figure.29}) h
as been already used, duplicate ignored
<argument> ...shipout:D \box_use:N \l_shipout_box 
                                                  \__shipout_drop_firstpage_...
l.398 \FloatBarrier
                    <./SS_24.png> <./SS_25.png> <./SS_26.png> <./SS_27.png> <./
SS_28.png> <./SS_29.png>]
<SS_30.png, id=235, 1163.0953pt x 526.96875pt>
File: SS_30.png Graphic file (type png)
<use SS_30.png>
Package pdftex.def Info: SS_30.png  used on input line 404.
(pdftex.def)             Requested size: 400.38872pt x 181.4104pt.

pdfTeX warning (ext4): destination with the same identifier (name{figure.1}) ha
s been already used, duplicate ignored
<to be read again> 
                   \relax 
l.405 		\caption
                {Dashboard 01 – Entry Point Identification via DNS IOC Cor...

pdfTeX warning (ext4): destination with the same identifier (name{figure.1}) ha
s been already used, duplicate ignored
<to be read again> 
                   \relax 
l.405 ...t Identification via DNS IOC Correlation}
                                                  
<SS_31.png, id=236, 1346.02875pt x 426.84468pt>
File: SS_31.png Graphic file (type png)
<use SS_31.png>
Package pdftex.def Info: SS_31.png  used on input line 411.
(pdftex.def)             Requested size: 400.38872pt x 126.96669pt.

pdfTeX warning (ext4): destination with the same identifier (name{figure.2}) ha
s been already used, duplicate ignored
<to be read again> 
                   \relax 
l.412 		\caption
                {Dashboard 01 – Table of Machines Accessing Known Maliciou...

pdfTeX warning (ext4): destination with the same identifier (name{figure.2}) ha
s been already used, duplicate ignored
<to be read again> 
                   \relax 
l.412 ... Machines Accessing Known Malicious URLs}
                                                  
<SS_32.png, id=237, 1388.18625pt x 682.80093pt>
File: SS_32.png Graphic file (type png)
<use SS_32.png>
Package pdftex.def Info: SS_32.png  used on input line 418.
(pdftex.def)             Requested size: 400.38872pt x 196.93407pt.

pdfTeX warning (ext4): destination with the same identifier (name{figure.3}) ha
s been already used, duplicate ignored
<to be read again> 
                   \relax 
l.419 		\caption
                {Dashboard 02 - MFA Login Results for User BDRVLS}
pdfTeX warning (ext4): destination with the same identifier (name{figure.3}) ha
s been already used, duplicate ignored
<to be read again> 
                   \relax 
l.419 ...d 02 - MFA Login Results for User BDRVLS}
                                                  
<SS_33.png, id=238, 1395.71437pt x 579.66562pt>
File: SS_33.png Graphic file (type png)
<use SS_33.png>
Package pdftex.def Info: SS_33.png  used on input line 425.
(pdftex.def)             Requested size: 400.38872pt x 166.28549pt.

pdfTeX warning (ext4): destination with the same identifier (name{figure.4}) ha
s been already used, duplicate ignored
<to be read again> 
                   \relax 
l.426 		\caption
                {Dashboard 02 - Authentication Activity for User BDRVLS}
pdfTeX warning (ext4): destination with the same identifier (name{figure.4}) ha
s been already used, duplicate ignored
<to be read again> 
                   \relax 
l.426 ... Authentication Activity for User BDRVLS}
                                                  

[14

 <./SS_30.png> <./SS_31.png> <./SS_32.png>]
<SS_34.png, id=246, 1401.73688pt x 584.1825pt>
File: SS_34.png Graphic file (type png)
<use SS_34.png>
Package pdftex.def Info: SS_34.png  used on input line 432.
(pdftex.def)             Requested size: 400.38872pt x 166.8592pt.

pdfTeX warning (ext4): destination with the same identifier (name{figure.5}) ha
s been already used, duplicate ignored
<to be read again> 
                   \relax 
l.433 		\caption
                {Dashboard 03 - Password Vault Login from IOC-Tagged IP}
pdfTeX warning (ext4): destination with the same identifier (name{figure.5}) ha
s been already used, duplicate ignored
<to be read again> 
                   \relax 
l.433 ... Password Vault Login from IOC-Tagged IP}
                                                  
<SS_35.png, id=247, 1377.64688pt x 663.98062pt>
File: SS_35.png Graphic file (type png)
<use SS_35.png>
Package pdftex.def Info: SS_35.png  used on input line 439.
(pdftex.def)             Requested size: 400.38872pt x 192.97496pt.

pdfTeX warning (ext4): destination with the same identifier (name{figure.6}) ha
s been already used, duplicate ignored
<to be read again> 
                   \relax 
l.440 		\caption
                {Dashboard 03 - Correlation of IOC-Tagged IP Across Multiple...

pdfTeX warning (ext4): destination with the same identifier (name{figure.6}) ha
s been already used, duplicate ignored
<to be read again> 
                   \relax 
l.440 ...f IOC-Tagged IP Across Multiple Services}
                                                  

[15 <./SS_33.png> <./SS_34.png> <./SS_35.png>] (CA_Project.aux)
 ***********
LaTeX2e <2024-06-01> patch level 2
L3 programming layer <2024-08-16>
 ***********
Package rerunfilecheck Info: File `CA_Project.out' has not changed.
(rerunfilecheck)             Checksum: 1CBE3DEDA52C15857A6DEA8AD349DAD7;3491.
 ) 
Here is how much of TeX's memory you used:
 10528 strings out of 473899
 168716 string characters out of 5722217
 1942960 words of memory out of 5000000
 33189 multiletter control sequences out of 15000+600000
 576434 words of font info for 68 fonts, out of 8000000 for 9000
 1141 hyphenation exceptions out of 8191
 75i,10n,79p,726b,472s stack positions out of 10000i,1000n,20000p,200000b,200000s
<C:/Users/Raghavi Preeti/AppData/Local/Programs/MiKTeX/fonts/type1/urw/times/
utmb8a.pfb><C:/Users/Raghavi Preeti/AppData/Local/Programs/MiKTeX/fonts/type1/u
rw/times/utmr8a.pfb>
Output written on CA_Project.pdf (18 pages, 2131610 bytes).
PDF statistics:
 282 PDF objects out of 1000 (max. 8388607)
 63 named destinations out of 1000 (max. 500000)
 296 words of extra memory for PDF output out of 10000 (max. 10000000)

